Start testing: Sep 16 17:38 JST
----------------------------------------------------------
1/6 Testing: RegexTest.TrueTest
1/6 Test: RegexTest.TrueTest
Command: "/root/cpp09/test/build/btc_test" "--gtest_filter=RegexTest.TrueTest" "--gtest_also_run_disabled_tests"
Directory: /root/cpp09/test/build
"RegexTest.TrueTest" start time: Sep 16 17:38 JST
Output:
----------------------------------------------------------
Running main() from /root/cpp09/test/build/_deps/googletest-src/googletest/src/gtest_main.cc
Note: Google Test filter = RegexTest.TrueTest
[==========] Running 1 test from 1 test suite.
[----------] Global test environment set-up.
[----------] 1 test from RegexTest
[ RUN      ] RegexTest.TrueTest
[       OK ] RegexTest.TrueTest (0 ms)
[----------] 1 test from RegexTest (0 ms total)

[----------] Global test environment tear-down
[==========] 1 test from 1 test suite ran. (0 ms total)
[  PASSED  ] 1 test.
<end of output>
Test time =   0.01 sec
----------------------------------------------------------
Test Passed.
"RegexTest.TrueTest" end time: Sep 16 17:38 JST
"RegexTest.TrueTest" time elapsed: 00:00:00
----------------------------------------------------------

2/6 Testing: RegexTest.FalseTest
2/6 Test: RegexTest.FalseTest
Command: "/root/cpp09/test/build/btc_test" "--gtest_filter=RegexTest.FalseTest" "--gtest_also_run_disabled_tests"
Directory: /root/cpp09/test/build
"RegexTest.FalseTest" start time: Sep 16 17:38 JST
Output:
----------------------------------------------------------
Running main() from /root/cpp09/test/build/_deps/googletest-src/googletest/src/gtest_main.cc
Note: Google Test filter = RegexTest.FalseTest
[==========] Running 1 test from 1 test suite.
[----------] Global test environment set-up.
[----------] 1 test from RegexTest
[ RUN      ] RegexTest.FalseTest
[       OK ] RegexTest.FalseTest (0 ms)
[----------] 1 test from RegexTest (0 ms total)

[----------] Global test environment tear-down
[==========] 1 test from 1 test suite ran. (0 ms total)
[  PASSED  ] 1 test.
<end of output>
Test time =   0.00 sec
----------------------------------------------------------
Test Passed.
"RegexTest.FalseTest" end time: Sep 16 17:38 JST
"RegexTest.FalseTest" time elapsed: 00:00:00
----------------------------------------------------------

3/6 Testing: BtcTest.MainTest
3/6 Test: BtcTest.MainTest
Command: "/root/cpp09/test/build/btc_test" "--gtest_filter=BtcTest.MainTest" "--gtest_also_run_disabled_tests"
Directory: /root/cpp09/test/build
"BtcTest.MainTest" start time: Sep 16 17:38 JST
Output:
----------------------------------------------------------
Running main() from /root/cpp09/test/build/_deps/googletest-src/googletest/src/gtest_main.cc
Note: Google Test filter = BtcTest.MainTest
[==========] Running 1 test from 1 test suite.
[----------] Global test environment set-up.
[----------] 1 test from BtcTest
[ RUN      ] BtcTest.MainTest
[       OK ] BtcTest.MainTest (5 ms)
[----------] 1 test from BtcTest (5 ms total)

[----------] Global test environment tear-down
[==========] 1 test from 1 test suite ran. (5 ms total)
[  PASSED  ] 1 test.
<end of output>
Test time =   0.01 sec
----------------------------------------------------------
Test Passed.
"BtcTest.MainTest" end time: Sep 16 17:38 JST
"BtcTest.MainTest" time elapsed: 00:00:00
----------------------------------------------------------

4/6 Testing: LoadFileTest.CsvTest
4/6 Test: LoadFileTest.CsvTest
Command: "/root/cpp09/test/build/btc_test" "--gtest_filter=LoadFileTest.CsvTest" "--gtest_also_run_disabled_tests"
Directory: /root/cpp09/test/build
"LoadFileTest.CsvTest" start time: Sep 16 17:38 JST
Output:
----------------------------------------------------------
Running main() from /root/cpp09/test/build/_deps/googletest-src/googletest/src/gtest_main.cc
Note: Google Test filter = LoadFileTest.CsvTest
[==========] Running 1 test from 1 test suite.
[----------] Global test environment set-up.
[----------] 1 test from LoadFileTest
[ RUN      ] LoadFileTest.CsvTest
[       OK ] LoadFileTest.CsvTest (2 ms)
[----------] 1 test from LoadFileTest (2 ms total)

[----------] Global test environment tear-down
[==========] 1 test from 1 test suite ran. (2 ms total)
[  PASSED  ] 1 test.
<end of output>
Test time =   0.01 sec
----------------------------------------------------------
Test Passed.
"LoadFileTest.CsvTest" end time: Sep 16 17:38 JST
"LoadFileTest.CsvTest" time elapsed: 00:00:00
----------------------------------------------------------

5/6 Testing: LoadFileTest.CsvErrorHandlingTest
5/6 Test: LoadFileTest.CsvErrorHandlingTest
Command: "/root/cpp09/test/build/btc_test" "--gtest_filter=LoadFileTest.CsvErrorHandlingTest" "--gtest_also_run_disabled_tests"
Directory: /root/cpp09/test/build
"LoadFileTest.CsvErrorHandlingTest" start time: Sep 16 17:38 JST
Output:
----------------------------------------------------------
Running main() from /root/cpp09/test/build/_deps/googletest-src/googletest/src/gtest_main.cc
Note: Google Test filter = LoadFileTest.CsvErrorHandlingTest
[==========] Running 1 test from 1 test suite.
[----------] Global test environment set-up.
[----------] 1 test from LoadFileTest
[ RUN      ] LoadFileTest.CsvErrorHandlingTest
[       OK ] LoadFileTest.CsvErrorHandlingTest (0 ms)
[----------] 1 test from LoadFileTest (0 ms total)

[----------] Global test environment tear-down
[==========] 1 test from 1 test suite ran. (0 ms total)
[  PASSED  ] 1 test.
<end of output>
Test time =   0.00 sec
----------------------------------------------------------
Test Passed.
"LoadFileTest.CsvErrorHandlingTest" end time: Sep 16 17:38 JST
"LoadFileTest.CsvErrorHandlingTest" time elapsed: 00:00:00
----------------------------------------------------------

6/6 Testing: LoadFileTest.TxtErrorHandlingTest
6/6 Test: LoadFileTest.TxtErrorHandlingTest
Command: "/root/cpp09/test/build/btc_test" "--gtest_filter=LoadFileTest.TxtErrorHandlingTest" "--gtest_also_run_disabled_tests"
Directory: /root/cpp09/test/build
"LoadFileTest.TxtErrorHandlingTest" start time: Sep 16 17:38 JST
Output:
----------------------------------------------------------
Running main() from /root/cpp09/test/build/_deps/googletest-src/googletest/src/gtest_main.cc
Note: Google Test filter = LoadFileTest.TxtErrorHandlingTest
[==========] Running 1 test from 1 test suite.
[----------] Global test environment set-up.
[----------] 1 test from LoadFileTest
[ RUN      ] LoadFileTest.TxtErrorHandlingTest
Error: too old date.
2011-01-03 => 2 = 0
[       OK ] LoadFileTest.TxtErrorHandlingTest (0 ms)
[----------] 1 test from LoadFileTest (0 ms total)

[----------] Global test environment tear-down
[==========] 1 test from 1 test suite ran. (0 ms total)
[  PASSED  ] 1 test.
<end of output>
Test time =   0.00 sec
----------------------------------------------------------
Test Passed.
"LoadFileTest.TxtErrorHandlingTest" end time: Sep 16 17:38 JST
"LoadFileTest.TxtErrorHandlingTest" time elapsed: 00:00:00
----------------------------------------------------------

End testing: Sep 16 17:38 JST
