Start testing: Sep 16 12:42 JST
----------------------------------------------------------
1/3 Testing: RegexTest.TrueTest
1/3 Test: RegexTest.TrueTest
Command: "/root/cpp09/test/build/btc_test" "--gtest_filter=RegexTest.TrueTest" "--gtest_also_run_disabled_tests"
Directory: /root/cpp09/test/build
"RegexTest.TrueTest" start time: Sep 16 12:42 JST
Output:
----------------------------------------------------------
Running main() from /root/cpp09/test/build/_deps/googletest-src/googletest/src/gtest_main.cc
Note: Google Test filter = RegexTest.TrueTest
[==========] Running 1 test from 1 test suite.
[----------] Global test environment set-up.
[----------] 1 test from RegexTest
[ RUN      ] RegexTest.TrueTest
[       OK ] RegexTest.TrueTest (0 ms)
[----------] 1 test from RegexTest (0 ms total)

[----------] Global test environment tear-down
[==========] 1 test from 1 test suite ran. (0 ms total)
[  PASSED  ] 1 test.
<end of output>
Test time =   0.01 sec
----------------------------------------------------------
Test Passed.
"RegexTest.TrueTest" end time: Sep 16 12:42 JST
"RegexTest.TrueTest" time elapsed: 00:00:00
----------------------------------------------------------

2/3 Testing: RegexTest.FalseTest
2/3 Test: RegexTest.FalseTest
Command: "/root/cpp09/test/build/btc_test" "--gtest_filter=RegexTest.FalseTest" "--gtest_also_run_disabled_tests"
Directory: /root/cpp09/test/build
"RegexTest.FalseTest" start time: Sep 16 12:42 JST
Output:
----------------------------------------------------------
Running main() from /root/cpp09/test/build/_deps/googletest-src/googletest/src/gtest_main.cc
Note: Google Test filter = RegexTest.FalseTest
[==========] Running 1 test from 1 test suite.
[----------] Global test environment set-up.
[----------] 1 test from RegexTest
[ RUN      ] RegexTest.FalseTest
[       OK ] RegexTest.FalseTest (0 ms)
[----------] 1 test from RegexTest (0 ms total)

[----------] Global test environment tear-down
[==========] 1 test from 1 test suite ran. (0 ms total)
[  PASSED  ] 1 test.
<end of output>
Test time =   0.00 sec
----------------------------------------------------------
Test Passed.
"RegexTest.FalseTest" end time: Sep 16 12:42 JST
"RegexTest.FalseTest" time elapsed: 00:00:00
----------------------------------------------------------

3/3 Testing: LoadFileTest.CsvTest
3/3 Test: LoadFileTest.CsvTest
Command: "/root/cpp09/test/build/btc_test" "--gtest_filter=LoadFileTest.CsvTest" "--gtest_also_run_disabled_tests"
Directory: /root/cpp09/test/build
"LoadFileTest.CsvTest" start time: Sep 16 12:42 JST
Output:
----------------------------------------------------------
Running main() from /root/cpp09/test/build/_deps/googletest-src/googletest/src/gtest_main.cc
Note: Google Test filter = LoadFileTest.CsvTest
[==========] Running 1 test from 1 test suite.
[----------] Global test environment set-up.
[----------] 1 test from LoadFileTest
[ RUN      ] LoadFileTest.CsvTest
[       OK ] LoadFileTest.CsvTest (2 ms)
[----------] 1 test from LoadFileTest (2 ms total)

[----------] Global test environment tear-down
[==========] 1 test from 1 test suite ran. (2 ms total)
[  PASSED  ] 1 test.
<end of output>
Test time =   0.01 sec
----------------------------------------------------------
Test Passed.
"LoadFileTest.CsvTest" end time: Sep 16 12:42 JST
"LoadFileTest.CsvTest" time elapsed: 00:00:00
----------------------------------------------------------

End testing: Sep 16 12:42 JST
